<?xml version="1.0" encoding="UTF-8"?>
<robot generator="Robot 3.2.1 (Python 3.8.5 on win32)" generated="20200810 10:22:47.272" rpa="false">
<suite id="s1" name="TestV" source="C:\Users\ASUS\Desktop\DocumentosEsther\Trabajo\TestRobot\TestV.robot">
<test id="s1-t1" name="Prue_0186">
<kw name="Open Browser" library="SeleniumLibrary">
<doc>Opens a new browser instance to the optional ``url``.</doc>
<arguments>
<arg>http://www.ela.unad.edu.co:8080/PublicaIndica/</arg>
<arg>chrome</arg>
</arguments>
<msg timestamp="20200810 10:22:48.120" level="INFO">Opening browser 'chrome' to base url 'http://www.ela.unad.edu.co:8080/PublicaIndica/'.</msg>
<status status="PASS" starttime="20200810 10:22:48.119" endtime="20200810 10:22:53.494"></status>
</kw>
<kw name="Wait Until Element Is Visible" library="SeleniumLibrary">
<doc>Waits until the element ``locator`` is visible.</doc>
<arguments>
<arg>xpath=//*[@id="form:j_idt3"]</arg>
</arguments>
<status status="PASS" starttime="20200810 10:22:53.495" endtime="20200810 10:22:53.585"></status>
</kw>
<kw name="Input Text" library="SeleniumLibrary">
<doc>Types the given ``text`` into the text field identified by ``locator``.</doc>
<arguments>
<arg>xpath=//*[@id="form:codigo"]</arg>
<arg>79465403</arg>
</arguments>
<msg timestamp="20200810 10:22:53.586" level="INFO">Typing text '79465403' into text field 'xpath=//*[@id="form:codigo"]'.</msg>
<status status="PASS" starttime="20200810 10:22:53.586" endtime="20200810 10:22:53.755"></status>
</kw>
<kw name="Input Text" library="SeleniumLibrary">
<doc>Types the given ``text`` into the text field identified by ``locator``.</doc>
<arguments>
<arg>xpath=//*[@id="form:clave"]</arg>
<arg>P4$$w0rd2020</arg>
</arguments>
<msg timestamp="20200810 10:22:53.761" level="INFO">Typing text 'P4$$w0rd2020' into text field 'xpath=//*[@id="form:clave"]'.</msg>
<status status="PASS" starttime="20200810 10:22:53.760" endtime="20200810 10:22:53.956"></status>
</kw>
<kw name="Click Element" library="SeleniumLibrary">
<doc>Click the element identified by ``locator``.</doc>
<arguments>
<arg>xpath=//*[@id="form:j_idt8"]/span[2]</arg>
</arguments>
<msg timestamp="20200810 10:22:53.958" level="INFO">Clicking element 'xpath=//*[@id="form:j_idt8"]/span[2]'.</msg>
<status status="PASS" starttime="20200810 10:22:53.958" endtime="20200810 10:22:55.363"></status>
</kw>
<kw name="Wait Until Element Is Visible" library="SeleniumLibrary">
<doc>Waits until the element ``locator`` is visible.</doc>
<arguments>
<arg>xpath=//*[@id="j_idt42:j_idt44"]/imgs</arg>
</arguments>
<kw name="Capture Page Screenshot" library="SeleniumLibrary">
<doc>Takes a screenshot of the current page and embeds it into a log file.</doc>
<msg timestamp="20200810 10:23:00.832" level="INFO" html="yes">&lt;/td&gt;&lt;/tr&gt;&lt;tr&gt;&lt;td colspan="3"&gt;&lt;a href="selenium-screenshot-50.png"&gt;&lt;img src="selenium-screenshot-50.png" width="800px"&gt;&lt;/a&gt;</msg>
<status status="PASS" starttime="20200810 10:23:00.494" endtime="20200810 10:23:00.833"></status>
</kw>
<msg timestamp="20200810 10:23:00.836" level="FAIL">Element 'xpath=//*[@id="j_idt42:j_idt44"]/imgs' not visible after 5 seconds.</msg>
<status status="FAIL" starttime="20200810 10:22:55.365" endtime="20200810 10:23:00.836"></status>
</kw>
<status status="FAIL" starttime="20200810 10:22:48.080" endtime="20200810 10:23:00.838" critical="yes">Element 'xpath=//*[@id="j_idt42:j_idt44"]/imgs' not visible after 5 seconds.</status>
</test>
<test id="s1-t2" name="Prue_0187">
<kw name="Open Browser" library="SeleniumLibrary">
<doc>Opens a new browser instance to the optional ``url``.</doc>
<arguments>
<arg>http://www.ela.unad.edu.co:8080/PublicaIndica/</arg>
<arg>chrome</arg>
</arguments>
<msg timestamp="20200810 10:23:00.843" level="INFO">Opening browser 'chrome' to base url 'http://www.ela.unad.edu.co:8080/PublicaIndica/'.</msg>
<status status="PASS" starttime="20200810 10:23:00.842" endtime="20200810 10:23:05.752"></status>
</kw>
<kw name="Wait Until Element Is Visible" library="SeleniumLibrary">
<doc>Waits until the element ``locator`` is visible.</doc>
<arguments>
<arg>xpath=//*[@id="form:j_idt3"]</arg>
</arguments>
<status status="PASS" starttime="20200810 10:23:05.810" endtime="20200810 10:23:05.901"></status>
</kw>
<kw name="Input Text" library="SeleniumLibrary">
<doc>Types the given ``text`` into the text field identified by ``locator``.</doc>
<arguments>
<arg>xpath=//*[@id="form:codigo"]</arg>
<arg>79465403</arg>
</arguments>
<msg timestamp="20200810 10:23:05.902" level="INFO">Typing text '79465403' into text field 'xpath=//*[@id="form:codigo"]'.</msg>
<status status="PASS" starttime="20200810 10:23:05.901" endtime="20200810 10:23:06.075"></status>
</kw>
<kw name="Input Text" library="SeleniumLibrary">
<doc>Types the given ``text`` into the text field identified by ``locator``.</doc>
<arguments>
<arg>xpath=//*[@id="form:clave"]</arg>
<arg>P4$$w0rd2020</arg>
</arguments>
<msg timestamp="20200810 10:23:06.076" level="INFO">Typing text 'P4$$w0rd2020' into text field 'xpath=//*[@id="form:clave"]'.</msg>
<status status="PASS" starttime="20200810 10:23:06.076" endtime="20200810 10:23:06.256"></status>
</kw>
<kw name="Click Element" library="SeleniumLibrary">
<doc>Click the element identified by ``locator``.</doc>
<arguments>
<arg>xpath=//*[@id="form:j_idt8"]/span[2]</arg>
</arguments>
<msg timestamp="20200810 10:23:06.257" level="INFO">Clicking element 'xpath=//*[@id="form:j_idt8"]/span[2]'.</msg>
<status status="PASS" starttime="20200810 10:23:06.257" endtime="20200810 10:23:07.675"></status>
</kw>
<kw name="Wait Until Element Is Visible" library="SeleniumLibrary">
<doc>Waits until the element ``locator`` is visible.</doc>
<arguments>
<arg>xpath=//*[@id="j_idt42:j_idt44"]/img</arg>
</arguments>
<status status="PASS" starttime="20200810 10:23:07.705" endtime="20200810 10:23:07.833"></status>
</kw>
<kw name="Close Browser" library="SeleniumLibrary">
<doc>Closes the current browser.</doc>
<status status="PASS" starttime="20200810 10:23:07.837" endtime="20200810 10:23:10.087"></status>
</kw>
<kw name="Open Browser" library="SeleniumLibrary">
<doc>Opens a new browser instance to the optional ``url``.</doc>
<arguments>
<arg>http://www.ela.unad.edu.co:8080/PublicaIndica/faces/graficaBI2.xhtml</arg>
<arg>chrome</arg>
</arguments>
<msg timestamp="20200810 10:23:10.089" level="INFO">Opening browser 'chrome' to base url 'http://www.ela.unad.edu.co:8080/PublicaIndica/faces/graficaBI2.xhtml'.</msg>
<status status="PASS" starttime="20200810 10:23:10.088" endtime="20200810 10:23:27.284"></status>
</kw>
<kw name="Sleep" library="BuiltIn">
<doc>Pauses the test executed for the given time.</doc>
<arguments>
<arg>5s</arg>
</arguments>
<msg timestamp="20200810 10:23:32.294" level="INFO">Slept 5 seconds</msg>
<status status="PASS" starttime="20200810 10:23:27.293" endtime="20200810 10:23:32.294"></status>
</kw>
<kw name="Wait Until Element Is Visible" library="SeleniumLibrary">
<doc>Waits until the element ``locator`` is visible.</doc>
<arguments>
<arg>xpath=//*[@id="j_idt11:j_idt12"]</arg>
</arguments>
<status status="PASS" starttime="20200810 10:23:32.308" endtime="20200810 10:23:32.367"></status>
</kw>
<kw name="Close Browser" library="SeleniumLibrary">
<doc>Closes the current browser.</doc>
<status status="PASS" starttime="20200810 10:23:32.369" endtime="20200810 10:23:34.778"></status>
</kw>
<status status="PASS" starttime="20200810 10:23:00.841" endtime="20200810 10:23:34.781" critical="yes"></status>
</test>
<test id="s1-t3" name="Prue_0188">
<kw name="Open Browser" library="SeleniumLibrary">
<doc>Opens a new browser instance to the optional ``url``.</doc>
<arguments>
<arg>http://www.ela.unad.edu.co:8080/PublicaIndica/</arg>
<arg>chrome</arg>
</arguments>
<msg timestamp="20200810 10:23:34.785" level="INFO">Opening browser 'chrome' to base url 'http://www.ela.unad.edu.co:8080/PublicaIndica/'.</msg>
<status status="PASS" starttime="20200810 10:23:34.785" endtime="20200810 10:23:40.039"></status>
</kw>
<kw name="Wait Until Element Is Visible" library="SeleniumLibrary">
<doc>Waits until the element ``locator`` is visible.</doc>
<arguments>
<arg>xpath=//*[@id="form:j_idt3"]</arg>
</arguments>
<status status="PASS" starttime="20200810 10:23:40.045" endtime="20200810 10:23:40.120"></status>
</kw>
<kw name="Input Text" library="SeleniumLibrary">
<doc>Types the given ``text`` into the text field identified by ``locator``.</doc>
<arguments>
<arg>xpath=//*[@id="form:codigo"]</arg>
<arg>79465403</arg>
</arguments>
<msg timestamp="20200810 10:23:40.121" level="INFO">Typing text '79465403' into text field 'xpath=//*[@id="form:codigo"]'.</msg>
<status status="PASS" starttime="20200810 10:23:40.121" endtime="20200810 10:23:40.274"></status>
</kw>
<kw name="Input Text" library="SeleniumLibrary">
<doc>Types the given ``text`` into the text field identified by ``locator``.</doc>
<arguments>
<arg>xpath=//*[@id="form:clave"]</arg>
<arg>P4$$w0rd2020</arg>
</arguments>
<msg timestamp="20200810 10:23:40.275" level="INFO">Typing text 'P4$$w0rd2020' into text field 'xpath=//*[@id="form:clave"]'.</msg>
<status status="PASS" starttime="20200810 10:23:40.274" endtime="20200810 10:23:40.435"></status>
</kw>
<kw name="Click Element" library="SeleniumLibrary">
<doc>Click the element identified by ``locator``.</doc>
<arguments>
<arg>xpath=//*[@id="form:j_idt8"]/span[2]</arg>
</arguments>
<msg timestamp="20200810 10:23:40.436" level="INFO">Clicking element 'xpath=//*[@id="form:j_idt8"]/span[2]'.</msg>
<status status="PASS" starttime="20200810 10:23:40.436" endtime="20200810 10:23:42.241"></status>
</kw>
<kw name="Wait Until Element Is Visible" library="SeleniumLibrary">
<doc>Waits until the element ``locator`` is visible.</doc>
<arguments>
<arg>xpath=//*[@id="j_idt42:j_idt44"]/img</arg>
</arguments>
<status status="PASS" starttime="20200810 10:23:42.241" endtime="20200810 10:23:42.299"></status>
</kw>
<kw name="Close Browser" library="SeleniumLibrary">
<doc>Closes the current browser.</doc>
<status status="PASS" starttime="20200810 10:23:42.300" endtime="20200810 10:23:44.502"></status>
</kw>
<kw name="Open Browser" library="SeleniumLibrary">
<doc>Opens a new browser instance to the optional ``url``.</doc>
<arguments>
<arg>http://www.ela.unad.edu.co:8080/PublicaIndica/faces/graficaBI2.xhtml</arg>
<arg>chrome</arg>
</arguments>
<msg timestamp="20200810 10:23:44.503" level="INFO">Opening browser 'chrome' to base url 'http://www.ela.unad.edu.co:8080/PublicaIndica/faces/graficaBI2.xhtml'.</msg>
<status status="PASS" starttime="20200810 10:23:44.503" endtime="20200810 10:23:55.291"></status>
</kw>
<kw name="Sleep" library="BuiltIn">
<doc>Pauses the test executed for the given time.</doc>
<arguments>
<arg>5s</arg>
</arguments>
<msg timestamp="20200810 10:24:00.296" level="INFO">Slept 5 seconds</msg>
<status status="PASS" starttime="20200810 10:23:55.294" endtime="20200810 10:24:00.296"></status>
</kw>
<kw name="Wait Until Element Is Visible" library="SeleniumLibrary">
<doc>Waits until the element ``locator`` is visible.</doc>
<arguments>
<arg>xpath=//*[@id="j_idt11:j_idt12"]</arg>
</arguments>
<status status="PASS" starttime="20200810 10:24:00.335" endtime="20200810 10:24:00.776"></status>
</kw>
<kw name="Close Browser" library="SeleniumLibrary">
<doc>Closes the current browser.</doc>
<status status="PASS" starttime="20200810 10:24:00.777" endtime="20200810 10:24:03.295"></status>
</kw>
<status status="PASS" starttime="20200810 10:23:34.784" endtime="20200810 10:24:03.296" critical="yes"></status>
</test>
<test id="s1-t4" name="Prue_0189">
<kw name="Open Browser" library="SeleniumLibrary">
<doc>Opens a new browser instance to the optional ``url``.</doc>
<arguments>
<arg>http://www.ela.unad.edu.co:8080/PublicaIndica/</arg>
<arg>chrome</arg>
</arguments>
<msg timestamp="20200810 10:24:03.301" level="INFO">Opening browser 'chrome' to base url 'http://www.ela.unad.edu.co:8080/PublicaIndica/'.</msg>
<status status="PASS" starttime="20200810 10:24:03.301" endtime="20200810 10:24:10.441"></status>
</kw>
<kw name="Wait Until Element Is Visible" library="SeleniumLibrary">
<doc>Waits until the element ``locator`` is visible.</doc>
<arguments>
<arg>xpath=//*[@id="form:j_idt3"]</arg>
</arguments>
<status status="PASS" starttime="20200810 10:24:10.443" endtime="20200810 10:24:10.498"></status>
</kw>
<kw name="Input Text" library="SeleniumLibrary">
<doc>Types the given ``text`` into the text field identified by ``locator``.</doc>
<arguments>
<arg>xpath=//*[@id="form:codigo"]</arg>
<arg>79465403</arg>
</arguments>
<msg timestamp="20200810 10:24:10.499" level="INFO">Typing text '79465403' into text field 'xpath=//*[@id="form:codigo"]'.</msg>
<status status="PASS" starttime="20200810 10:24:10.498" endtime="20200810 10:24:10.636"></status>
</kw>
<kw name="Input Text" library="SeleniumLibrary">
<doc>Types the given ``text`` into the text field identified by ``locator``.</doc>
<arguments>
<arg>xpath=//*[@id="form:clave"]</arg>
<arg>P4$$w0rd2020</arg>
</arguments>
<msg timestamp="20200810 10:24:10.641" level="INFO">Typing text 'P4$$w0rd2020' into text field 'xpath=//*[@id="form:clave"]'.</msg>
<status status="PASS" starttime="20200810 10:24:10.640" endtime="20200810 10:24:10.786"></status>
</kw>
<kw name="Click Element" library="SeleniumLibrary">
<doc>Click the element identified by ``locator``.</doc>
<arguments>
<arg>xpath=//*[@id="form:j_idt8"]/span[2]</arg>
</arguments>
<msg timestamp="20200810 10:24:10.787" level="INFO">Clicking element 'xpath=//*[@id="form:j_idt8"]/span[2]'.</msg>
<status status="PASS" starttime="20200810 10:24:10.787" endtime="20200810 10:24:12.682"></status>
</kw>
<kw name="Wait Until Element Is Visible" library="SeleniumLibrary">
<doc>Waits until the element ``locator`` is visible.</doc>
<arguments>
<arg>xpath=//*[@id="j_idt42:j_idt44"]/img</arg>
</arguments>
<status status="PASS" starttime="20200810 10:24:12.690" endtime="20200810 10:24:12.860"></status>
</kw>
<kw name="Close Browser" library="SeleniumLibrary">
<doc>Closes the current browser.</doc>
<status status="PASS" starttime="20200810 10:24:12.862" endtime="20200810 10:24:15.273"></status>
</kw>
<kw name="Open Browser" library="SeleniumLibrary">
<doc>Opens a new browser instance to the optional ``url``.</doc>
<arguments>
<arg>http://www.ela.unad.edu.co:8080/PublicaIndica/faces/graficaBI2.xhtml</arg>
<arg>chrome</arg>
</arguments>
<msg timestamp="20200810 10:24:15.275" level="INFO">Opening browser 'chrome' to base url 'http://www.ela.unad.edu.co:8080/PublicaIndica/faces/graficaBI2.xhtml'.</msg>
<status status="PASS" starttime="20200810 10:24:15.275" endtime="20200810 10:24:30.151"></status>
</kw>
<kw name="Sleep" library="BuiltIn">
<doc>Pauses the test executed for the given time.</doc>
<arguments>
<arg>5s</arg>
</arguments>
<msg timestamp="20200810 10:24:35.153" level="INFO">Slept 5 seconds</msg>
<status status="PASS" starttime="20200810 10:24:30.153" endtime="20200810 10:24:35.153"></status>
</kw>
<kw name="Wait Until Element Is Visible" library="SeleniumLibrary">
<doc>Waits until the element ``locator`` is visible.</doc>
<arguments>
<arg>xpath=//*[@id="j_idt11:j_idt12"]</arg>
</arguments>
<status status="PASS" starttime="20200810 10:24:35.160" endtime="20200810 10:24:35.300"></status>
</kw>
<kw name="Close Browser" library="SeleniumLibrary">
<doc>Closes the current browser.</doc>
<status status="PASS" starttime="20200810 10:24:35.302" endtime="20200810 10:24:38.765"></status>
</kw>
<status status="PASS" starttime="20200810 10:24:03.300" endtime="20200810 10:24:38.766" critical="yes"></status>
</test>
<test id="s1-t5" name="Prue_0190">
<kw name="Open Browser" library="SeleniumLibrary">
<doc>Opens a new browser instance to the optional ``url``.</doc>
<arguments>
<arg>http://www.ela.unad.edu.co:8080/PublicaIndica/</arg>
<arg>chrome</arg>
</arguments>
<msg timestamp="20200810 10:24:38.770" level="INFO">Opening browser 'chrome' to base url 'http://www.ela.unad.edu.co:8080/PublicaIndica/'.</msg>
<status status="PASS" starttime="20200810 10:24:38.770" endtime="20200810 10:24:43.126"></status>
</kw>
<kw name="Wait Until Element Is Visible" library="SeleniumLibrary">
<doc>Waits until the element ``locator`` is visible.</doc>
<arguments>
<arg>xpath=//*[@id="form:j_idt3"]</arg>
</arguments>
<status status="PASS" starttime="20200810 10:24:43.131" endtime="20200810 10:24:43.264"></status>
</kw>
<kw name="Input Text" library="SeleniumLibrary">
<doc>Types the given ``text`` into the text field identified by ``locator``.</doc>
<arguments>
<arg>xpath=//*[@id="form:codigo"]</arg>
<arg>79465403</arg>
</arguments>
<msg timestamp="20200810 10:24:43.265" level="INFO">Typing text '79465403' into text field 'xpath=//*[@id="form:codigo"]'.</msg>
<status status="PASS" starttime="20200810 10:24:43.265" endtime="20200810 10:24:43.454"></status>
</kw>
<kw name="Input Text" library="SeleniumLibrary">
<doc>Types the given ``text`` into the text field identified by ``locator``.</doc>
<arguments>
<arg>xpath=//*[@id="form:clave"]</arg>
<arg>P4$$w0rd2020</arg>
</arguments>
<msg timestamp="20200810 10:24:43.456" level="INFO">Typing text 'P4$$w0rd2020' into text field 'xpath=//*[@id="form:clave"]'.</msg>
<status status="PASS" starttime="20200810 10:24:43.455" endtime="20200810 10:24:43.706"></status>
</kw>
<kw name="Click Element" library="SeleniumLibrary">
<doc>Click the element identified by ``locator``.</doc>
<arguments>
<arg>xpath=//*[@id="form:j_idt8"]/span[2]</arg>
</arguments>
<msg timestamp="20200810 10:24:43.708" level="INFO">Clicking element 'xpath=//*[@id="form:j_idt8"]/span[2]'.</msg>
<status status="PASS" starttime="20200810 10:24:43.707" endtime="20200810 10:24:45.051"></status>
</kw>
<kw name="Wait Until Element Is Visible" library="SeleniumLibrary">
<doc>Waits until the element ``locator`` is visible.</doc>
<arguments>
<arg>xpath=//*[@id="j_idt42:j_idt44"]/img</arg>
</arguments>
<status status="PASS" starttime="20200810 10:24:45.052" endtime="20200810 10:24:45.203"></status>
</kw>
<kw name="Click Element" library="SeleniumLibrary">
<doc>Click the element identified by ``locator``.</doc>
<arguments>
<arg>xpath=//*[@id="j_idt42:j_idt44_stack"]/li[5]/a/img</arg>
</arguments>
<msg timestamp="20200810 10:24:45.208" level="INFO">Clicking element 'xpath=//*[@id="j_idt42:j_idt44_stack"]/li[5]/a/img'.</msg>
<status status="PASS" starttime="20200810 10:24:45.207" endtime="20200810 10:24:52.398"></status>
</kw>
<kw name="Sleep" library="BuiltIn">
<doc>Pauses the test executed for the given time.</doc>
<arguments>
<arg>5s</arg>
</arguments>
<msg timestamp="20200810 10:24:57.405" level="INFO">Slept 5 seconds</msg>
<status status="PASS" starttime="20200810 10:24:52.404" endtime="20200810 10:24:57.405"></status>
</kw>
<kw name="Wait Until Element Is Visible" library="SeleniumLibrary">
<doc>Waits until the element ``locator`` is visible.</doc>
<arguments>
<arg>xpath=//*[@id="j_idt11:j_idt12"]</arg>
</arguments>
<status status="PASS" starttime="20200810 10:24:57.415" endtime="20200810 10:24:57.473"></status>
</kw>
<kw name="Close Browser" library="SeleniumLibrary">
<doc>Closes the current browser.</doc>
<status status="PASS" starttime="20200810 10:24:57.480" endtime="20200810 10:25:00.177"></status>
</kw>
<status status="PASS" starttime="20200810 10:24:38.768" endtime="20200810 10:25:00.178" critical="yes"></status>
</test>
<test id="s1-t6" name="Prue_0191">
<kw name="Open Browser" library="SeleniumLibrary">
<doc>Opens a new browser instance to the optional ``url``.</doc>
<arguments>
<arg>http://www.ela.unad.edu.co:8080/PublicaIndica/</arg>
<arg>chrome</arg>
</arguments>
<msg timestamp="20200810 10:25:00.183" level="INFO">Opening browser 'chrome' to base url 'http://www.ela.unad.edu.co:8080/PublicaIndica/'.</msg>
<status status="PASS" starttime="20200810 10:25:00.183" endtime="20200810 10:25:04.449"></status>
</kw>
<kw name="Wait Until Element Is Visible" library="SeleniumLibrary">
<doc>Waits until the element ``locator`` is visible.</doc>
<arguments>
<arg>xpath=//*[@id="form:j_idt3"]</arg>
</arguments>
<status status="PASS" starttime="20200810 10:25:04.451" endtime="20200810 10:25:04.619"></status>
</kw>
<kw name="Input Text" library="SeleniumLibrary">
<doc>Types the given ``text`` into the text field identified by ``locator``.</doc>
<arguments>
<arg>xpath=//*[@id="form:codigo"]</arg>
<arg>79465403</arg>
</arguments>
<msg timestamp="20200810 10:25:04.621" level="INFO">Typing text '79465403' into text field 'xpath=//*[@id="form:codigo"]'.</msg>
<status status="PASS" starttime="20200810 10:25:04.620" endtime="20200810 10:25:04.841"></status>
</kw>
<kw name="Input Text" library="SeleniumLibrary">
<doc>Types the given ``text`` into the text field identified by ``locator``.</doc>
<arguments>
<arg>xpath=//*[@id="form:clave"]</arg>
<arg>P4$$w0rd2020</arg>
</arguments>
<msg timestamp="20200810 10:25:04.844" level="INFO">Typing text 'P4$$w0rd2020' into text field 'xpath=//*[@id="form:clave"]'.</msg>
<status status="PASS" starttime="20200810 10:25:04.843" endtime="20200810 10:25:05.052"></status>
</kw>
<kw name="Click Element" library="SeleniumLibrary">
<doc>Click the element identified by ``locator``.</doc>
<arguments>
<arg>xpath=//*[@id="form:j_idt8"]/span[2]</arg>
</arguments>
<msg timestamp="20200810 10:25:05.054" level="INFO">Clicking element 'xpath=//*[@id="form:j_idt8"]/span[2]'.</msg>
<status status="PASS" starttime="20200810 10:25:05.054" endtime="20200810 10:25:06.848"></status>
</kw>
<kw name="Wait Until Element Is Visible" library="SeleniumLibrary">
<doc>Waits until the element ``locator`` is visible.</doc>
<arguments>
<arg>xpath=//*[@id="j_idt42:j_idt44"]/img</arg>
</arguments>
<status status="PASS" starttime="20200810 10:25:06.850" endtime="20200810 10:25:06.984"></status>
</kw>
<kw name="Click Element" library="SeleniumLibrary">
<doc>Click the element identified by ``locator``.</doc>
<arguments>
<arg>xpath=//*[@id="j_idt42:j_idt44_stack"]/li[4]/a/img</arg>
</arguments>
<msg timestamp="20200810 10:25:06.985" level="INFO">Clicking element 'xpath=//*[@id="j_idt42:j_idt44_stack"]/li[4]/a/img'.</msg>
<status status="PASS" starttime="20200810 10:25:06.985" endtime="20200810 10:25:12.781"></status>
</kw>
<kw name="Sleep" library="BuiltIn">
<doc>Pauses the test executed for the given time.</doc>
<arguments>
<arg>5s</arg>
</arguments>
<msg timestamp="20200810 10:25:17.782" level="INFO">Slept 5 seconds</msg>
<status status="PASS" starttime="20200810 10:25:12.782" endtime="20200810 10:25:17.782"></status>
</kw>
<kw name="Wait Until Element Is Visible" library="SeleniumLibrary">
<doc>Waits until the element ``locator`` is visible.</doc>
<arguments>
<arg>xpath=//*[@id="j_idt11:j_idt12"]</arg>
</arguments>
<status status="PASS" starttime="20200810 10:25:17.793" endtime="20200810 10:25:17.881"></status>
</kw>
<kw name="Close Browser" library="SeleniumLibrary">
<doc>Closes the current browser.</doc>
<status status="PASS" starttime="20200810 10:25:17.882" endtime="20200810 10:25:20.309"></status>
</kw>
<status status="PASS" starttime="20200810 10:25:00.182" endtime="20200810 10:25:20.310" critical="yes"></status>
</test>
<test id="s1-t7" name="Prue_0192">
<kw name="Open Browser" library="SeleniumLibrary">
<doc>Opens a new browser instance to the optional ``url``.</doc>
<arguments>
<arg>http://www.ela.unad.edu.co:8080/PublicaIndica/</arg>
<arg>chrome</arg>
</arguments>
<msg timestamp="20200810 10:25:20.314" level="INFO">Opening browser 'chrome' to base url 'http://www.ela.unad.edu.co:8080/PublicaIndica/'.</msg>
<status status="PASS" starttime="20200810 10:25:20.314" endtime="20200810 10:25:24.632"></status>
</kw>
<kw name="Wait Until Element Is Visible" library="SeleniumLibrary">
<doc>Waits until the element ``locator`` is visible.</doc>
<arguments>
<arg>xpath=//*[@id="form:j_idt3"]</arg>
</arguments>
<status status="PASS" starttime="20200810 10:25:24.634" endtime="20200810 10:25:24.724"></status>
</kw>
<kw name="Input Text" library="SeleniumLibrary">
<doc>Types the given ``text`` into the text field identified by ``locator``.</doc>
<arguments>
<arg>xpath=//*[@id="form:codigo"]</arg>
<arg>79465403</arg>
</arguments>
<msg timestamp="20200810 10:25:24.729" level="INFO">Typing text '79465403' into text field 'xpath=//*[@id="form:codigo"]'.</msg>
<status status="PASS" starttime="20200810 10:25:24.728" endtime="20200810 10:25:24.938"></status>
</kw>
<kw name="Input Text" library="SeleniumLibrary">
<doc>Types the given ``text`` into the text field identified by ``locator``.</doc>
<arguments>
<arg>xpath=//*[@id="form:clave"]</arg>
<arg>P4$$w0rd2020</arg>
</arguments>
<msg timestamp="20200810 10:25:24.939" level="INFO">Typing text 'P4$$w0rd2020' into text field 'xpath=//*[@id="form:clave"]'.</msg>
<status status="PASS" starttime="20200810 10:25:24.938" endtime="20200810 10:25:25.161"></status>
</kw>
<kw name="Click Element" library="SeleniumLibrary">
<doc>Click the element identified by ``locator``.</doc>
<arguments>
<arg>xpath=//*[@id="form:j_idt8"]/span[2]</arg>
</arguments>
<msg timestamp="20200810 10:25:25.162" level="INFO">Clicking element 'xpath=//*[@id="form:j_idt8"]/span[2]'.</msg>
<status status="PASS" starttime="20200810 10:25:25.162" endtime="20200810 10:25:26.429"></status>
</kw>
<kw name="Wait Until Element Is Visible" library="SeleniumLibrary">
<doc>Waits until the element ``locator`` is visible.</doc>
<arguments>
<arg>xpath=//*[@id="j_idt42:j_idt44"]/img</arg>
</arguments>
<status status="PASS" starttime="20200810 10:25:26.429" endtime="20200810 10:25:26.596"></status>
</kw>
<kw name="Click Element" library="SeleniumLibrary">
<doc>Click the element identified by ``locator``.</doc>
<arguments>
<arg>xpath=//*[@id="j_idt42:j_idt44_stack"]/li[3]/a/img</arg>
</arguments>
<msg timestamp="20200810 10:25:26.605" level="INFO">Clicking element 'xpath=//*[@id="j_idt42:j_idt44_stack"]/li[3]/a/img'.</msg>
<status status="PASS" starttime="20200810 10:25:26.605" endtime="20200810 10:25:32.205"></status>
</kw>
<kw name="Sleep" library="BuiltIn">
<doc>Pauses the test executed for the given time.</doc>
<arguments>
<arg>5s</arg>
</arguments>
<msg timestamp="20200810 10:25:37.208" level="INFO">Slept 5 seconds</msg>
<status status="PASS" starttime="20200810 10:25:32.206" endtime="20200810 10:25:37.208"></status>
</kw>
<kw name="Wait Until Element Is Visible" library="SeleniumLibrary">
<doc>Waits until the element ``locator`` is visible.</doc>
<arguments>
<arg>xpath=//*[@id="j_idt11:j_idt12"]</arg>
</arguments>
<status status="PASS" starttime="20200810 10:25:37.228" endtime="20200810 10:25:37.302"></status>
</kw>
<kw name="Close Browser" library="SeleniumLibrary">
<doc>Closes the current browser.</doc>
<status status="PASS" starttime="20200810 10:25:37.303" endtime="20200810 10:25:40.251"></status>
</kw>
<status status="PASS" starttime="20200810 10:25:20.312" endtime="20200810 10:25:40.252" critical="yes"></status>
</test>
<test id="s1-t8" name="Prue_0193">
<kw name="Open Browser" library="SeleniumLibrary">
<doc>Opens a new browser instance to the optional ``url``.</doc>
<arguments>
<arg>http://www.ela.unad.edu.co:8080/PublicaIndica/</arg>
<arg>chrome</arg>
</arguments>
<msg timestamp="20200810 10:25:40.257" level="INFO">Opening browser 'chrome' to base url 'http://www.ela.unad.edu.co:8080/PublicaIndica/'.</msg>
<status status="PASS" starttime="20200810 10:25:40.256" endtime="20200810 10:25:45.565"></status>
</kw>
<kw name="Wait Until Element Is Visible" library="SeleniumLibrary">
<doc>Waits until the element ``locator`` is visible.</doc>
<arguments>
<arg>xpath=//*[@id="form:j_idt3"]</arg>
</arguments>
<status status="PASS" starttime="20200810 10:25:45.567" endtime="20200810 10:25:45.619"></status>
</kw>
<kw name="Input Text" library="SeleniumLibrary">
<doc>Types the given ``text`` into the text field identified by ``locator``.</doc>
<arguments>
<arg>xpath=//*[@id="form:codigo"]</arg>
<arg>79465403</arg>
</arguments>
<msg timestamp="20200810 10:25:45.620" level="INFO">Typing text '79465403' into text field 'xpath=//*[@id="form:codigo"]'.</msg>
<status status="PASS" starttime="20200810 10:25:45.619" endtime="20200810 10:25:45.785"></status>
</kw>
<kw name="Input Text" library="SeleniumLibrary">
<doc>Types the given ``text`` into the text field identified by ``locator``.</doc>
<arguments>
<arg>xpath=//*[@id="form:clave"]</arg>
<arg>P4$$w0rd2020</arg>
</arguments>
<msg timestamp="20200810 10:25:45.786" level="INFO">Typing text 'P4$$w0rd2020' into text field 'xpath=//*[@id="form:clave"]'.</msg>
<status status="PASS" starttime="20200810 10:25:45.786" endtime="20200810 10:25:45.951"></status>
</kw>
<kw name="Click Element" library="SeleniumLibrary">
<doc>Click the element identified by ``locator``.</doc>
<arguments>
<arg>xpath=//*[@id="form:j_idt8"]/span[2]</arg>
</arguments>
<msg timestamp="20200810 10:25:45.952" level="INFO">Clicking element 'xpath=//*[@id="form:j_idt8"]/span[2]'.</msg>
<status status="PASS" starttime="20200810 10:25:45.952" endtime="20200810 10:25:49.929"></status>
</kw>
<kw name="Wait Until Element Is Visible" library="SeleniumLibrary">
<doc>Waits until the element ``locator`` is visible.</doc>
<arguments>
<arg>xpath=//*[@id="j_idt42:j_idt44"]/img</arg>
</arguments>
<status status="PASS" starttime="20200810 10:25:49.933" endtime="20200810 10:25:50.060"></status>
</kw>
<kw name="Click Element" library="SeleniumLibrary">
<doc>Click the element identified by ``locator``.</doc>
<arguments>
<arg>xpath=//*[@id="j_idt42:j_idt44_stack"]/li[2]/a/img</arg>
</arguments>
<msg timestamp="20200810 10:25:50.062" level="INFO">Clicking element 'xpath=//*[@id="j_idt42:j_idt44_stack"]/li[2]/a/img'.</msg>
<status status="PASS" starttime="20200810 10:25:50.061" endtime="20200810 10:26:03.008"></status>
</kw>
<kw name="Sleep" library="BuiltIn">
<doc>Pauses the test executed for the given time.</doc>
<arguments>
<arg>5s</arg>
</arguments>
<msg timestamp="20200810 10:26:08.011" level="INFO">Slept 5 seconds</msg>
<status status="PASS" starttime="20200810 10:26:03.009" endtime="20200810 10:26:08.011"></status>
</kw>
<kw name="Wait Until Element Is Visible" library="SeleniumLibrary">
<doc>Waits until the element ``locator`` is visible.</doc>
<arguments>
<arg>xpath=//*[@id="j_idt11:j_idt12"]</arg>
</arguments>
<status status="PASS" starttime="20200810 10:26:08.011" endtime="20200810 10:26:08.048"></status>
</kw>
<kw name="Close Browser" library="SeleniumLibrary">
<doc>Closes the current browser.</doc>
<status status="PASS" starttime="20200810 10:26:08.049" endtime="20200810 10:26:10.497"></status>
</kw>
<status status="PASS" starttime="20200810 10:25:40.255" endtime="20200810 10:26:10.497" critical="yes"></status>
</test>
<doc>Graficos Modelos</doc>
<status status="FAIL" starttime="20200810 10:22:47.276" endtime="20200810 10:26:10.500"></status>
</suite>
<statistics>
<total>
<stat pass="7" fail="1">Critical Tests</stat>
<stat pass="7" fail="1">All Tests</stat>
</total>
<tag>
</tag>
<suite>
<stat pass="7" fail="1" id="s1" name="TestV">TestV</stat>
</suite>
</statistics>
<errors>
</errors>
</robot>
